2020-06-11T17:59:38+0530 <info> server.js:51 (Server.<anonymous>) Web server listening on port 4000
2020-06-11T18:15:00+0530 <info> NoteFunctions.js:304 () allnotecolor is read
2020-06-11T18:15:18+0530 <info> notes.js:103 () congrats You Are Successsfully updated the note
2020-06-11T18:15:19+0530 <info> notes.js:66 () congrats You Are Successsfully read all note......
2020-06-11T18:15:19+0530 <info> notes.js:66 () congrats You Are Successsfully read all note......
2020-06-11T18:15:20+0530 <info> NoteFunctions.js:304 () allnotecolor is read
2020-06-11T18:15:20+0530 <info> NoteFunctions.js:304 () allnotecolor is read
2020-06-11T18:15:20+0530 <info> NoteFunctions.js:304 () allnotecolor is read
2020-06-11T18:15:20+0530 <info> NoteFunctions.js:304 () allnotecolor is read
2020-06-11T18:15:20+0530 <info> NoteFunctions.js:304 () allnotecolor is read
2020-06-11T18:15:20+0530 <info> NoteFunctions.js:304 () allnotecolor is read
2020-06-11T18:15:20+0530 <info> NoteFunctions.js:304 () allnotecolor is read
2020-06-11T18:15:20+0530 <info> NoteFunctions.js:304 () allnotecolor is read
2020-06-11T18:15:20+0530 <info> NoteFunctions.js:304 () allnotecolor is read
2020-06-11T18:15:20+0530 <info> NoteFunctions.js:304 () allnotecolor is read
2020-06-11T18:15:20+0530 <info> NoteFunctions.js:304 () allnotecolor is read
2020-06-11T18:15:20+0530 <info> NoteFunctions.js:304 () allnotecolor is read
2020-06-11T18:15:20+0530 <info> NoteFunctions.js:304 () allnotecolor is read
2020-06-11T18:15:20+0530 <info> NoteFunctions.js:304 () allnotecolor is read
2020-06-11T18:15:20+0530 <info> NoteFunctions.js:304 () allnotecolor is read
2020-06-11T18:15:20+0530 <info> NoteFunctions.js:304 () allnotecolor is read
2020-06-11T18:15:20+0530 <info> NoteFunctions.js:304 () allnotecolor is read
2020-06-11T18:15:20+0530 <info> NoteFunctions.js:304 () allnotecolor is read
2020-06-11T18:15:20+0530 <info> NoteFunctions.js:304 () allnotecolor is read
2020-06-11T18:15:20+0530 <info> NoteFunctions.js:304 () allnotecolor is read
2020-06-11T18:15:20+0530 <info> NoteFunctions.js:304 () allnotecolor is read
2020-06-11T18:15:20+0530 <info> NoteFunctions.js:304 () allnotecolor is read
2020-06-11T18:15:20+0530 <info> NoteFunctions.js:304 () allnotecolor is read
2020-06-11T18:15:20+0530 <info> NoteFunctions.js:304 () allnotecolor is read
2020-06-11T18:15:20+0530 <info> NoteFunctions.js:304 () allnotecolor is read
2020-06-11T18:15:20+0530 <info> NoteFunctions.js:304 () allnotecolor is read
2020-06-11T18:15:20+0530 <info> NoteFunctions.js:304 () allnotecolor is read
2020-06-11T18:15:20+0530 <info> NoteFunctions.js:304 () allnotecolor is read
2020-06-11T18:15:20+0530 <info> NoteFunctions.js:304 () allnotecolor is read
2020-06-11T18:15:20+0530 <info> NoteFunctions.js:304 () allnotecolor is read
2020-06-11T18:15:20+0530 <info> NoteFunctions.js:304 () allnotecolor is read
2020-06-11T18:15:20+0530 <info> NoteFunctions.js:304 () allnotecolor is read
2020-06-11T18:15:20+0530 <info> NoteFunctions.js:304 () allnotecolor is read
2020-06-11T18:15:20+0530 <info> NoteFunctions.js:304 () allnotecolor is read
2020-06-11T18:15:20+0530 <info> NoteFunctions.js:304 () allnotecolor is read
2020-06-11T18:15:20+0530 <info> NoteFunctions.js:304 () allnotecolor is read
2020-06-11T18:15:20+0530 <info> NoteFunctions.js:304 () allnotecolor is read
2020-06-11T18:15:20+0530 <info> NoteFunctions.js:304 () allnotecolor is read
2020-06-11T18:15:20+0530 <info> NoteFunctions.js:304 () allnotecolor is read
2020-06-11T18:15:20+0530 <info> NoteFunctions.js:304 () allnotecolor is read
2020-06-11T18:18:21+0530 <info> server.js:51 (Server.<anonymous>) Web server listening on port 4000
2020-06-11T18:19:02+0530 <info> notes.js:103 () congrats You Are Successsfully updated the note
2020-06-11T18:19:03+0530 <info> notes.js:66 () congrats You Are Successsfully read all note......
2020-06-11T18:19:03+0530 <info> notes.js:66 () congrats You Are Successsfully read all note......
2020-06-11T18:19:24+0530 <info> notes.js:103 () congrats You Are Successsfully updated the note
2020-06-11T18:19:25+0530 <info> notes.js:66 () congrats You Are Successsfully read all note......
2020-06-11T18:19:25+0530 <info> notes.js:66 () congrats You Are Successsfully read all note......
2020-06-11T18:19:45+0530 <info> notes.js:103 () congrats You Are Successsfully updated the note
2020-06-11T18:19:45+0530 <info> notes.js:66 () congrats You Are Successsfully read all note......
2020-06-11T18:19:45+0530 <info> notes.js:66 () congrats You Are Successsfully read all note......
2020-06-11T18:20:16+0530 <info> notes.js:103 () congrats You Are Successsfully updated the note
2020-06-11T18:20:17+0530 <info> notes.js:66 () congrats You Are Successsfully read all note......
2020-06-11T18:20:17+0530 <info> notes.js:66 () congrats You Are Successsfully read all note......
2020-06-11T18:33:52+0530 <info> NoteFunctions.js:274 () congrats You Are Successsfully set the note color
2020-06-11T18:48:17+0530 <info> NoteFunctions.js:399 () congrats You Are Successsfully add the note lable
2020-06-11T18:48:18+0530 <info> notes.js:66 () congrats You Are Successsfully read all note......
2020-06-11T18:48:18+0530 <info> notes.js:66 () congrats You Are Successsfully read all note......
2020-06-11T18:48:47+0530 <info> NoteFunctions.js:399 () congrats You Are Successsfully add the note lable
2020-06-11T18:48:47+0530 <info> notes.js:66 () congrats You Are Successsfully read all note......
2020-06-11T18:48:47+0530 <info> notes.js:66 () congrats You Are Successsfully read all note......
2020-06-11T19:00:07+0530 <info> notes.js:66 () congrats You Are Successsfully read all note......
2020-06-11T19:00:07+0530 <info> notes.js:66 () congrats You Are Successsfully read all note......
2020-06-11T19:00:17+0530 <info> notes.js:66 () congrats You Are Successsfully read all note......
2020-06-11T19:00:17+0530 <info> notes.js:66 () congrats You Are Successsfully read all note......
2020-06-11T19:00:29+0530 <info> notes.js:66 () congrats You Are Successsfully read all note......
2020-06-11T19:00:29+0530 <info> notes.js:66 () congrats You Are Successsfully read all note......
2020-06-11T19:01:33+0530 <info> notes.js:66 () congrats You Are Successsfully read all note......
2020-06-11T19:01:33+0530 <info> notes.js:66 () congrats You Are Successsfully read all note......
2020-06-11T19:01:37+0530 <info> notes.js:66 () congrats You Are Successsfully read all note......
2020-06-11T19:01:37+0530 <info> notes.js:66 () congrats You Are Successsfully read all note......
2020-06-11T19:02:00+0530 <info> notes.js:66 () congrats You Are Successsfully read all note......
2020-06-11T19:02:00+0530 <info> notes.js:66 () congrats You Are Successsfully read all note......
2020-06-11T19:02:04+0530 <info> notes.js:66 () congrats You Are Successsfully read all note......
2020-06-11T19:02:04+0530 <info> notes.js:66 () congrats You Are Successsfully read all note......
2020-06-11T19:02:11+0530 <info> NoteFunctions.js:240 () congrats You Are Successsfully show the trashed note 
2020-06-11T19:02:11+0530 <info> notes.js:66 () congrats You Are Successsfully read all note......
2020-06-11T19:02:21+0530 <info> NoteFunctions.js:146 () Successfully shown all archived notes
2020-06-11T19:02:21+0530 <info> notes.js:66 () congrats You Are Successsfully read all note......
2020-06-11T19:05:19+0530 <info> NoteFunctions.js:146 () Successfully shown all archived notes
2020-06-11T19:05:19+0530 <info> notes.js:66 () congrats You Are Successsfully read all note......
2020-06-11T19:05:33+0530 <info> NoteFunctions.js:240 () congrats You Are Successsfully show the trashed note 
2020-06-11T19:05:33+0530 <info> notes.js:66 () congrats You Are Successsfully read all note......
2020-06-11T19:05:36+0530 <info> NoteFunctions.js:146 () Successfully shown all archived notes
2020-06-11T19:05:36+0530 <info> notes.js:66 () congrats You Are Successsfully read all note......
2020-06-11T19:18:41+0530 <info> notes.js:66 () congrats You Are Successsfully read all note......
2020-06-11T19:18:41+0530 <info> notes.js:66 () congrats You Are Successsfully read all note......
2020-06-11T19:37:33+0530 <info> notes.js:66 () congrats You Are Successsfully read all note......
2020-06-11T19:37:33+0530 <info> notes.js:66 () congrats You Are Successsfully read all note......
2020-06-11T19:37:58+0530 <info> notes.js:66 () congrats You Are Successsfully read all note......
2020-06-11T19:37:58+0530 <info> notes.js:66 () congrats You Are Successsfully read all note......
2020-06-11T19:38:37+0530 <info> notes.js:66 () congrats You Are Successsfully read all note......
2020-06-11T19:38:37+0530 <info> notes.js:66 () congrats You Are Successsfully read all note......
2020-06-11T19:39:28+0530 <info> notes.js:66 () congrats You Are Successsfully read all note......
2020-06-11T19:39:28+0530 <info> notes.js:66 () congrats You Are Successsfully read all note......
2020-06-11T19:41:04+0530 <info> notes.js:66 () congrats You Are Successsfully read all note......
2020-06-11T19:41:04+0530 <info> notes.js:66 () congrats You Are Successsfully read all note......
2020-06-11T19:41:38+0530 <info> notes.js:66 () congrats You Are Successsfully read all note......
2020-06-11T19:41:38+0530 <info> notes.js:66 () congrats You Are Successsfully read all note......
2020-06-11T19:44:10+0530 <info> notes.js:66 () congrats You Are Successsfully read all note......
2020-06-11T19:44:10+0530 <info> notes.js:66 () congrats You Are Successsfully read all note......
2020-06-11T19:46:21+0530 <info> notes.js:66 () congrats You Are Successsfully read all note......
2020-06-11T19:46:21+0530 <info> notes.js:66 () congrats You Are Successsfully read all note......
2020-06-11T23:07:36+0530 <info> notes.js:66 () congrats You Are Successsfully read all note......
2020-06-11T23:07:36+0530 <info> notes.js:66 () congrats You Are Successsfully read all note......
2020-06-11T23:07:56+0530 <info> notes.js:66 () congrats You Are Successsfully read all note......
2020-06-11T23:07:56+0530 <info> notes.js:66 () congrats You Are Successsfully read all note......
2020-06-11T23:08:00+0530 <info> notes.js:66 () congrats You Are Successsfully read all note......
2020-06-11T23:08:00+0530 <info> notes.js:66 () congrats You Are Successsfully read all note......
2020-06-11T23:08:25+0530 <info> notes.js:66 () congrats You Are Successsfully read all note......
2020-06-11T23:08:25+0530 <info> notes.js:66 () congrats You Are Successsfully read all note......
2020-06-11T23:08:37+0530 <info> notes.js:66 () congrats You Are Successsfully read all note......
2020-06-11T23:08:37+0530 <info> notes.js:66 () congrats You Are Successsfully read all note......
2020-06-11T23:09:00+0530 <info> notes.js:66 () congrats You Are Successsfully read all note......
2020-06-11T23:09:00+0530 <info> notes.js:66 () congrats You Are Successsfully read all note......
2020-06-11T23:09:47+0530 <info> notes.js:66 () congrats You Are Successsfully read all note......
2020-06-11T23:09:47+0530 <info> notes.js:66 () congrats You Are Successsfully read all note......
2020-06-11T23:09:58+0530 <info> notes.js:66 () congrats You Are Successsfully read all note......
2020-06-11T23:09:58+0530 <info> notes.js:66 () congrats You Are Successsfully read all note......
2020-06-11T23:10:09+0530 <info> NoteFunctions.js:146 () Successfully shown all archived notes
2020-06-11T23:10:09+0530 <info> notes.js:66 () congrats You Are Successsfully read all note......
2020-06-11T23:10:32+0530 <info> NoteFunctions.js:146 () Successfully shown all archived notes
2020-06-11T23:10:32+0530 <info> notes.js:66 () congrats You Are Successsfully read all note......
2020-06-11T23:10:38+0530 <info> NoteFunctions.js:146 () Successfully shown all archived notes
2020-06-11T23:10:38+0530 <info> notes.js:66 () congrats You Are Successsfully read all note......
2020-06-11T23:10:40+0530 <info> NoteFunctions.js:146 () Successfully shown all archived notes
2020-06-11T23:10:40+0530 <info> notes.js:66 () congrats You Are Successsfully read all note......
2020-06-11T23:10:50+0530 <info> NoteFunctions.js:146 () Successfully shown all archived notes
2020-06-11T23:10:50+0530 <info> notes.js:66 () congrats You Are Successsfully read all note......
2020-06-11T23:11:19+0530 <info> NoteFunctions.js:146 () Successfully shown all archived notes
2020-06-11T23:11:19+0530 <info> notes.js:66 () congrats You Are Successsfully read all note......
2020-06-11T23:11:26+0530 <info> NoteFunctions.js:146 () Successfully shown all archived notes
2020-06-11T23:11:26+0530 <info> notes.js:66 () congrats You Are Successsfully read all note......
2020-06-11T23:11:29+0530 <info> NoteFunctions.js:146 () Successfully shown all archived notes
2020-06-11T23:11:29+0530 <info> notes.js:66 () congrats You Are Successsfully read all note......
2020-06-11T23:13:12+0530 <info> NoteFunctions.js:146 () Successfully shown all archived notes
2020-06-11T23:13:12+0530 <info> notes.js:66 () congrats You Are Successsfully read all note......
2020-06-11T23:13:19+0530 <info> NoteFunctions.js:146 () Successfully shown all archived notes
2020-06-11T23:13:19+0530 <info> notes.js:66 () congrats You Are Successsfully read all note......
2020-06-11T23:13:45+0530 <info> NoteFunctions.js:146 () Successfully shown all archived notes
2020-06-11T23:13:45+0530 <info> notes.js:66 () congrats You Are Successsfully read all note......
2020-06-11T23:14:08+0530 <info> NoteFunctions.js:146 () Successfully shown all archived notes
2020-06-11T23:14:08+0530 <info> notes.js:66 () congrats You Are Successsfully read all note......
2020-06-11T23:14:26+0530 <info> NoteFunctions.js:146 () Successfully shown all archived notes
2020-06-11T23:14:26+0530 <info> notes.js:66 () congrats You Are Successsfully read all note......
2020-06-11T23:14:29+0530 <info> NoteFunctions.js:146 () Successfully shown all archived notes
2020-06-11T23:14:29+0530 <info> notes.js:66 () congrats You Are Successsfully read all note......
2020-06-11T23:14:54+0530 <info> NoteFunctions.js:146 () Successfully shown all archived notes
2020-06-11T23:14:54+0530 <info> notes.js:66 () congrats You Are Successsfully read all note......
2020-06-11T23:15:03+0530 <info> NoteFunctions.js:146 () Successfully shown all archived notes
2020-06-11T23:15:03+0530 <info> notes.js:66 () congrats You Are Successsfully read all note......
2020-06-11T23:15:34+0530 <info> NoteFunctions.js:146 () Successfully shown all archived notes
2020-06-11T23:15:34+0530 <info> notes.js:66 () congrats You Are Successsfully read all note......
2020-06-11T23:15:37+0530 <info> NoteFunctions.js:146 () Successfully shown all archived notes
2020-06-11T23:15:37+0530 <info> notes.js:66 () congrats You Are Successsfully read all note......
2020-06-11T23:15:54+0530 <info> NoteFunctions.js:146 () Successfully shown all archived notes
2020-06-11T23:15:54+0530 <info> notes.js:66 () congrats You Are Successsfully read all note......
2020-06-11T23:16:01+0530 <info> NoteFunctions.js:146 () Successfully shown all archived notes
2020-06-11T23:16:01+0530 <info> notes.js:66 () congrats You Are Successsfully read all note......
2020-06-11T23:16:09+0530 <info> NoteFunctions.js:146 () Successfully shown all archived notes
2020-06-11T23:16:09+0530 <info> notes.js:66 () congrats You Are Successsfully read all note......
2020-06-11T23:17:53+0530 <info> NoteFunctions.js:146 () Successfully shown all archived notes
2020-06-11T23:17:53+0530 <info> notes.js:66 () congrats You Are Successsfully read all note......
2020-06-11T23:18:57+0530 <info> NoteFunctions.js:146 () Successfully shown all archived notes
2020-06-11T23:18:57+0530 <info> notes.js:66 () congrats You Are Successsfully read all note......
2020-06-11T23:19:24+0530 <info> NoteFunctions.js:146 () Successfully shown all archived notes
2020-06-11T23:19:24+0530 <info> notes.js:66 () congrats You Are Successsfully read all note......
2020-06-11T23:19:39+0530 <info> notes.js:103 () congrats You Are Successsfully updated the note
2020-06-11T23:19:40+0530 <info> NoteFunctions.js:146 () Successfully shown all archived notes
2020-06-11T23:19:40+0530 <info> notes.js:66 () congrats You Are Successsfully read all note......
2020-06-11T23:19:54+0530 <info> notes.js:103 () congrats You Are Successsfully updated the note
2020-06-11T23:19:55+0530 <info> NoteFunctions.js:146 () Successfully shown all archived notes
2020-06-11T23:19:55+0530 <info> notes.js:66 () congrats You Are Successsfully read all note......
2020-06-11T23:20:17+0530 <info> NoteFunctions.js:146 () Successfully shown all archived notes
2020-06-11T23:20:17+0530 <info> notes.js:66 () congrats You Are Successsfully read all note......
2020-06-11T23:20:33+0530 <info> NoteFunctions.js:146 () Successfully shown all archived notes
2020-06-11T23:20:33+0530 <info> notes.js:66 () congrats You Are Successsfully read all note......
2020-06-11T23:21:11+0530 <info> NoteFunctions.js:146 () Successfully shown all archived notes
2020-06-11T23:21:11+0530 <info> notes.js:66 () congrats You Are Successsfully read all note......
2020-06-11T23:21:30+0530 <info> NoteFunctions.js:146 () Successfully shown all archived notes
2020-06-11T23:21:30+0530 <info> notes.js:66 () congrats You Are Successsfully read all note......
2020-06-11T23:21:42+0530 <info> NoteFunctions.js:146 () Successfully shown all archived notes
2020-06-11T23:21:42+0530 <info> notes.js:66 () congrats You Are Successsfully read all note......
2020-06-11T23:21:50+0530 <info> NoteFunctions.js:146 () Successfully shown all archived notes
2020-06-11T23:21:50+0530 <info> notes.js:66 () congrats You Are Successsfully read all note......
2020-06-11T23:24:10+0530 <info> NoteFunctions.js:146 () Successfully shown all archived notes
2020-06-11T23:24:10+0530 <info> notes.js:66 () congrats You Are Successsfully read all note......
2020-06-11T23:24:35+0530 <info> NoteFunctions.js:146 () Successfully shown all archived notes
2020-06-11T23:24:35+0530 <info> notes.js:66 () congrats You Are Successsfully read all note......
2020-06-11T23:24:46+0530 <info> NoteFunctions.js:146 () Successfully shown all archived notes
2020-06-11T23:24:46+0530 <info> notes.js:66 () congrats You Are Successsfully read all note......
2020-06-11T23:25:01+0530 <info> NoteFunctions.js:146 () Successfully shown all archived notes
2020-06-11T23:25:01+0530 <info> notes.js:66 () congrats You Are Successsfully read all note......
2020-06-11T23:25:20+0530 <info> NoteFunctions.js:146 () Successfully shown all archived notes
2020-06-11T23:25:20+0530 <info> notes.js:66 () congrats You Are Successsfully read all note......
2020-06-11T23:25:33+0530 <info> NoteFunctions.js:146 () Successfully shown all archived notes
2020-06-11T23:25:33+0530 <info> notes.js:66 () congrats You Are Successsfully read all note......
2020-06-11T23:25:39+0530 <info> NoteFunctions.js:146 () Successfully shown all archived notes
2020-06-11T23:25:39+0530 <info> notes.js:66 () congrats You Are Successsfully read all note......
2020-06-11T23:25:41+0530 <info> NoteFunctions.js:146 () Successfully shown all archived notes
2020-06-11T23:25:41+0530 <info> notes.js:66 () congrats You Are Successsfully read all note......
2020-06-11T23:28:36+0530 <info> NoteFunctions.js:146 () Successfully shown all archived notes
2020-06-11T23:28:36+0530 <info> notes.js:66 () congrats You Are Successsfully read all note......
2020-06-11T23:28:51+0530 <info> NoteFunctions.js:146 () Successfully shown all archived notes
2020-06-11T23:28:51+0530 <info> notes.js:66 () congrats You Are Successsfully read all note......
2020-06-11T23:28:57+0530 <info> NoteFunctions.js:146 () Successfully shown all archived notes
2020-06-11T23:28:57+0530 <info> notes.js:66 () congrats You Are Successsfully read all note......
2020-06-11T23:29:19+0530 <info> NoteFunctions.js:146 () Successfully shown all archived notes
2020-06-11T23:29:19+0530 <info> notes.js:66 () congrats You Are Successsfully read all note......
2020-06-11T23:29:29+0530 <info> NoteFunctions.js:146 () Successfully shown all archived notes
2020-06-11T23:29:29+0530 <info> notes.js:66 () congrats You Are Successsfully read all note......
2020-06-11T23:29:47+0530 <info> NoteFunctions.js:146 () Successfully shown all archived notes
2020-06-11T23:29:47+0530 <info> notes.js:66 () congrats You Are Successsfully read all note......
2020-06-11T23:29:58+0530 <info> NoteFunctions.js:146 () Successfully shown all archived notes
2020-06-11T23:29:58+0530 <info> notes.js:66 () congrats You Are Successsfully read all note......
2020-06-11T23:32:19+0530 <info> NoteFunctions.js:146 () Successfully shown all archived notes
2020-06-11T23:32:19+0530 <info> notes.js:66 () congrats You Are Successsfully read all note......
2020-06-11T23:32:24+0530 <info> NoteFunctions.js:146 () Successfully shown all archived notes
2020-06-11T23:32:24+0530 <info> notes.js:66 () congrats You Are Successsfully read all note......
2020-06-11T23:32:36+0530 <info> NoteFunctions.js:146 () Successfully shown all archived notes
2020-06-11T23:32:36+0530 <info> notes.js:66 () congrats You Are Successsfully read all note......
2020-06-11T23:32:51+0530 <info> NoteFunctions.js:146 () Successfully shown all archived notes
2020-06-11T23:32:51+0530 <info> notes.js:66 () congrats You Are Successsfully read all note......
2020-06-11T23:33:00+0530 <info> NoteFunctions.js:146 () Successfully shown all archived notes
2020-06-11T23:33:00+0530 <info> notes.js:66 () congrats You Are Successsfully read all note......
2020-06-11T23:33:30+0530 <info> NoteFunctions.js:146 () Successfully shown all archived notes
2020-06-11T23:33:30+0530 <info> notes.js:66 () congrats You Are Successsfully read all note......
2020-06-11T23:33:46+0530 <info> NoteFunctions.js:146 () Successfully shown all archived notes
2020-06-11T23:33:46+0530 <info> notes.js:66 () congrats You Are Successsfully read all note......
2020-06-11T23:33:52+0530 <info> NoteFunctions.js:146 () Successfully shown all archived notes
2020-06-11T23:33:52+0530 <info> notes.js:66 () congrats You Are Successsfully read all note......
2020-06-11T23:33:55+0530 <info> NoteFunctions.js:146 () Successfully shown all archived notes
2020-06-11T23:33:56+0530 <info> notes.js:66 () congrats You Are Successsfully read all note......
2020-06-11T23:34:36+0530 <info> NoteFunctions.js:146 () Successfully shown all archived notes
2020-06-11T23:34:36+0530 <info> notes.js:66 () congrats You Are Successsfully read all note......
2020-06-11T23:35:25+0530 <info> NoteFunctions.js:146 () Successfully shown all archived notes
2020-06-11T23:35:25+0530 <info> notes.js:66 () congrats You Are Successsfully read all note......
2020-06-11T23:35:39+0530 <info> NoteFunctions.js:146 () Successfully shown all archived notes
2020-06-11T23:35:39+0530 <info> notes.js:66 () congrats You Are Successsfully read all note......
2020-06-11T23:36:21+0530 <info> NoteFunctions.js:146 () Successfully shown all archived notes
2020-06-11T23:36:21+0530 <info> notes.js:66 () congrats You Are Successsfully read all note......
2020-06-11T23:38:09+0530 <info> NoteFunctions.js:146 () Successfully shown all archived notes
2020-06-11T23:38:09+0530 <info> notes.js:66 () congrats You Are Successsfully read all note......
2020-06-11T23:38:22+0530 <info> NoteFunctions.js:146 () Successfully shown all archived notes
2020-06-11T23:38:22+0530 <info> notes.js:66 () congrats You Are Successsfully read all note......
2020-06-11T23:38:33+0530 <info> NoteFunctions.js:146 () Successfully shown all archived notes
2020-06-11T23:38:33+0530 <info> notes.js:66 () congrats You Are Successsfully read all note......
2020-06-11T23:38:36+0530 <info> NoteFunctions.js:146 () Successfully shown all archived notes
2020-06-11T23:38:36+0530 <info> notes.js:66 () congrats You Are Successsfully read all note......
2020-06-11T23:38:39+0530 <info> NoteFunctions.js:146 () Successfully shown all archived notes
2020-06-11T23:38:39+0530 <info> notes.js:66 () congrats You Are Successsfully read all note......
2020-06-11T23:38:43+0530 <info> notes.js:66 () congrats You Are Successsfully read all note......
2020-06-11T23:38:43+0530 <info> notes.js:66 () congrats You Are Successsfully read all note......
2020-06-11T23:38:53+0530 <info> notes.js:66 () congrats You Are Successsfully read all note......
2020-06-11T23:38:53+0530 <info> notes.js:66 () congrats You Are Successsfully read all note......
2020-06-11T23:41:29+0530 <info> notes.js:66 () congrats You Are Successsfully read all note......
2020-06-11T23:41:29+0530 <info> notes.js:66 () congrats You Are Successsfully read all note......
2020-06-11T23:41:39+0530 <info> notes.js:66 () congrats You Are Successsfully read all note......
2020-06-11T23:41:39+0530 <info> notes.js:66 () congrats You Are Successsfully read all note......
2020-06-11T23:42:09+0530 <info> notes.js:66 () congrats You Are Successsfully read all note......
2020-06-11T23:42:09+0530 <info> notes.js:66 () congrats You Are Successsfully read all note......
2020-06-11T23:42:37+0530 <info> NoteFunctions.js:146 () Successfully shown all archived notes
2020-06-11T23:42:37+0530 <info> notes.js:66 () congrats You Are Successsfully read all note......
2020-06-11T23:42:42+0530 <info> notes.js:66 () congrats You Are Successsfully read all note......
2020-06-11T23:42:42+0530 <info> notes.js:66 () congrats You Are Successsfully read all note......
2020-06-11T23:43:37+0530 <info> notes.js:66 () congrats You Are Successsfully read all note......
2020-06-11T23:43:37+0530 <info> notes.js:66 () congrats You Are Successsfully read all note......
2020-06-11T23:44:51+0530 <info> notes.js:66 () congrats You Are Successsfully read all note......
2020-06-11T23:44:51+0530 <info> notes.js:66 () congrats You Are Successsfully read all note......
2020-06-11T23:45:59+0530 <info> notes.js:66 () congrats You Are Successsfully read all note......
2020-06-11T23:45:59+0530 <info> notes.js:66 () congrats You Are Successsfully read all note......
2020-06-11T23:56:29+0530 <info> notes.js:66 () congrats You Are Successsfully read all note......
2020-06-11T23:56:29+0530 <info> notes.js:66 () congrats You Are Successsfully read all note......
2020-06-11T23:59:37+0530 <info> notes.js:66 () congrats You Are Successsfully read all note......
2020-06-11T23:59:37+0530 <info> notes.js:66 () congrats You Are Successsfully read all note......
2020-06-11T23:59:41+0530 <info> notes.js:66 () congrats You Are Successsfully read all note......
2020-06-11T23:59:41+0530 <info> notes.js:66 () congrats You Are Successsfully read all note......
2020-06-11T23:59:45+0530 <info> notes.js:66 () congrats You Are Successsfully read all note......
2020-06-11T23:59:45+0530 <info> notes.js:66 () congrats You Are Successsfully read all note......
2020-06-12T00:00:40+0530 <info> notes.js:66 () congrats You Are Successsfully read all note......
2020-06-12T00:00:40+0530 <info> notes.js:66 () congrats You Are Successsfully read all note......
2020-06-12T00:00:54+0530 <info> notes.js:66 () congrats You Are Successsfully read all note......
2020-06-12T00:00:54+0530 <info> notes.js:66 () congrats You Are Successsfully read all note......
2020-06-12T00:01:20+0530 <info> notes.js:66 () congrats You Are Successsfully read all note......
2020-06-12T00:01:20+0530 <info> notes.js:66 () congrats You Are Successsfully read all note......
2020-06-12T00:01:44+0530 <info> notes.js:66 () congrats You Are Successsfully read all note......
2020-06-12T00:01:44+0530 <info> notes.js:66 () congrats You Are Successsfully read all note......
2020-06-12T00:01:54+0530 <info> notes.js:66 () congrats You Are Successsfully read all note......
2020-06-12T00:01:54+0530 <info> notes.js:66 () congrats You Are Successsfully read all note......
2020-06-12T00:02:48+0530 <info> notes.js:66 () congrats You Are Successsfully read all note......
2020-06-12T00:02:48+0530 <info> notes.js:66 () congrats You Are Successsfully read all note......
2020-06-12T00:03:45+0530 <info> notes.js:66 () congrats You Are Successsfully read all note......
2020-06-12T00:03:45+0530 <info> notes.js:66 () congrats You Are Successsfully read all note......
2020-06-12T00:04:22+0530 <info> notes.js:66 () congrats You Are Successsfully read all note......
2020-06-12T00:04:22+0530 <info> notes.js:66 () congrats You Are Successsfully read all note......
2020-06-12T00:05:06+0530 <info> notes.js:66 () congrats You Are Successsfully read all note......
2020-06-12T00:05:06+0530 <info> notes.js:66 () congrats You Are Successsfully read all note......
2020-06-12T00:05:17+0530 <info> notes.js:66 () congrats You Are Successsfully read all note......
2020-06-12T00:05:17+0530 <info> notes.js:66 () congrats You Are Successsfully read all note......
2020-06-12T00:09:28+0530 <info> notes.js:66 () congrats You Are Successsfully read all note......
2020-06-12T00:09:28+0530 <info> notes.js:66 () congrats You Are Successsfully read all note......
2020-06-12T00:09:33+0530 <info> notes.js:66 () congrats You Are Successsfully read all note......
2020-06-12T00:09:33+0530 <info> notes.js:66 () congrats You Are Successsfully read all note......
2020-06-12T00:09:45+0530 <info> notes.js:66 () congrats You Are Successsfully read all note......
2020-06-12T00:09:45+0530 <info> notes.js:66 () congrats You Are Successsfully read all note......
2020-06-12T00:09:50+0530 <info> notes.js:66 () congrats You Are Successsfully read all note......
2020-06-12T00:09:50+0530 <info> notes.js:66 () congrats You Are Successsfully read all note......
2020-06-12T00:09:54+0530 <info> notes.js:66 () congrats You Are Successsfully read all note......
2020-06-12T00:09:54+0530 <info> notes.js:66 () congrats You Are Successsfully read all note......
2020-06-12T00:09:57+0530 <info> notes.js:66 () congrats You Are Successsfully read all note......
2020-06-12T00:09:57+0530 <info> notes.js:66 () congrats You Are Successsfully read all note......
2020-06-12T00:13:25+0530 <info> notes.js:66 () congrats You Are Successsfully read all note......
2020-06-12T00:13:25+0530 <info> notes.js:66 () congrats You Are Successsfully read all note......
2020-06-12T00:13:49+0530 <info> notes.js:66 () congrats You Are Successsfully read all note......
2020-06-12T00:13:49+0530 <info> notes.js:66 () congrats You Are Successsfully read all note......
2020-06-12T00:14:38+0530 <info> notes.js:66 () congrats You Are Successsfully read all note......
2020-06-12T00:14:38+0530 <info> notes.js:66 () congrats You Are Successsfully read all note......
2020-06-12T00:14:59+0530 <info> notes.js:66 () congrats You Are Successsfully read all note......
2020-06-12T00:14:59+0530 <info> notes.js:66 () congrats You Are Successsfully read all note......
2020-06-12T00:16:06+0530 <info> notes.js:66 () congrats You Are Successsfully read all note......
2020-06-12T00:16:06+0530 <info> notes.js:66 () congrats You Are Successsfully read all note......
2020-06-12T00:16:31+0530 <info> notes.js:66 () congrats You Are Successsfully read all note......
2020-06-12T00:16:31+0530 <info> notes.js:66 () congrats You Are Successsfully read all note......
2020-06-12T00:16:37+0530 <info> notes.js:66 () congrats You Are Successsfully read all note......
2020-06-12T00:16:37+0530 <info> notes.js:66 () congrats You Are Successsfully read all note......
2020-06-12T00:16:40+0530 <info> notes.js:66 () congrats You Are Successsfully read all note......
2020-06-12T00:16:40+0530 <info> notes.js:66 () congrats You Are Successsfully read all note......
2020-06-12T00:16:53+0530 <info> notes.js:66 () congrats You Are Successsfully read all note......
2020-06-12T00:16:53+0530 <info> notes.js:66 () congrats You Are Successsfully read all note......
2020-06-12T00:17:26+0530 <info> notes.js:66 () congrats You Are Successsfully read all note......
2020-06-12T00:17:26+0530 <info> notes.js:66 () congrats You Are Successsfully read all note......
2020-06-12T00:17:59+0530 <info> notes.js:66 () congrats You Are Successsfully read all note......
2020-06-12T00:17:59+0530 <info> notes.js:66 () congrats You Are Successsfully read all note......
2020-06-12T00:18:11+0530 <info> NoteFunctions.js:146 () Successfully shown all archived notes
2020-06-12T00:18:11+0530 <info> notes.js:66 () congrats You Are Successsfully read all note......
2020-06-12T00:18:21+0530 <info> NoteFunctions.js:240 () congrats You Are Successsfully show the trashed note 
2020-06-12T00:18:21+0530 <info> notes.js:66 () congrats You Are Successsfully read all note......
2020-06-12T00:18:26+0530 <info> NoteFunctions.js:146 () Successfully shown all archived notes
2020-06-12T00:18:26+0530 <info> notes.js:66 () congrats You Are Successsfully read all note......
2020-06-12T00:18:29+0530 <info> notes.js:66 () congrats You Are Successsfully read all note......
2020-06-12T00:18:29+0530 <info> notes.js:66 () congrats You Are Successsfully read all note......
2020-06-12T00:20:22+0530 <info> NoteFunctions.js:146 () Successfully shown all archived notes
2020-06-12T00:20:22+0530 <info> notes.js:66 () congrats You Are Successsfully read all note......
2020-06-12T00:20:38+0530 <info> NoteFunctions.js:240 () congrats You Are Successsfully show the trashed note 
2020-06-12T00:20:38+0530 <info> notes.js:66 () congrats You Are Successsfully read all note......
2020-06-12T00:20:45+0530 <info> notes.js:66 () congrats You Are Successsfully read all note......
2020-06-12T00:20:45+0530 <info> notes.js:66 () congrats You Are Successsfully read all note......
2020-06-12T00:20:50+0530 <info> NoteFunctions.js:146 () Successfully shown all archived notes
2020-06-12T00:20:50+0530 <info> notes.js:66 () congrats You Are Successsfully read all note......
2020-06-12T00:23:00+0530 <info> NoteFunctions.js:146 () Successfully shown all archived notes
2020-06-12T00:23:00+0530 <info> notes.js:66 () congrats You Are Successsfully read all note......
2020-06-12T00:23:09+0530 <info> NoteFunctions.js:146 () Successfully shown all archived notes
2020-06-12T00:23:09+0530 <info> notes.js:66 () congrats You Are Successsfully read all note......
2020-06-12T00:23:15+0530 <info> NoteFunctions.js:146 () Successfully shown all archived notes
2020-06-12T00:23:15+0530 <info> notes.js:66 () congrats You Are Successsfully read all note......
2020-06-12T00:23:28+0530 <info> NoteFunctions.js:146 () Successfully shown all archived notes
2020-06-12T00:23:28+0530 <info> notes.js:66 () congrats You Are Successsfully read all note......
2020-06-12T00:23:35+0530 <info> NoteFunctions.js:146 () Successfully shown all archived notes
2020-06-12T00:23:35+0530 <info> notes.js:66 () congrats You Are Successsfully read all note......
2020-06-12T00:23:41+0530 <info> NoteFunctions.js:146 () Successfully shown all archived notes
2020-06-12T00:23:41+0530 <info> notes.js:66 () congrats You Are Successsfully read all note......
2020-06-12T00:24:08+0530 <info> NoteFunctions.js:146 () Successfully shown all archived notes
2020-06-12T00:24:08+0530 <info> notes.js:66 () congrats You Are Successsfully read all note......
2020-06-12T00:24:16+0530 <info> notes.js:66 () congrats You Are Successsfully read all note......
2020-06-12T00:24:16+0530 <info> notes.js:66 () congrats You Are Successsfully read all note......
2020-06-12T00:25:10+0530 <info> notes.js:66 () congrats You Are Successsfully read all note......
2020-06-12T00:25:10+0530 <info> notes.js:66 () congrats You Are Successsfully read all note......
2020-06-12T00:25:14+0530 <info> notes.js:66 () congrats You Are Successsfully read all note......
2020-06-12T00:25:14+0530 <info> notes.js:66 () congrats You Are Successsfully read all note......
2020-06-12T00:25:18+0530 <info> notes.js:66 () congrats You Are Successsfully read all note......
2020-06-12T00:25:18+0530 <info> notes.js:66 () congrats You Are Successsfully read all note......
2020-06-12T00:45:37+0530 <info> notes.js:66 () congrats You Are Successsfully read all note......
2020-06-12T00:45:37+0530 <info> notes.js:66 () congrats You Are Successsfully read all note......
2020-06-12T00:45:47+0530 <info> notes.js:66 () congrats You Are Successsfully read all note......
2020-06-12T00:45:47+0530 <info> notes.js:66 () congrats You Are Successsfully read all note......
2020-06-12T00:46:57+0530 <info> notes.js:66 () congrats You Are Successsfully read all note......
2020-06-12T00:46:57+0530 <info> notes.js:66 () congrats You Are Successsfully read all note......
2020-06-12T00:47:01+0530 <info> notes.js:66 () congrats You Are Successsfully read all note......
2020-06-12T00:47:01+0530 <info> notes.js:66 () congrats You Are Successsfully read all note......
2020-06-12T00:47:11+0530 <info> notes.js:66 () congrats You Are Successsfully read all note......
2020-06-12T00:47:11+0530 <info> notes.js:66 () congrats You Are Successsfully read all note......
2020-06-12T00:48:06+0530 <info> notes.js:66 () congrats You Are Successsfully read all note......
2020-06-12T00:48:06+0530 <info> notes.js:66 () congrats You Are Successsfully read all note......
2020-06-12T00:48:11+0530 <info> notes.js:66 () congrats You Are Successsfully read all note......
2020-06-12T00:48:11+0530 <info> notes.js:66 () congrats You Are Successsfully read all note......
2020-06-12T01:43:31+0530 <info> notes.js:66 () congrats You Are Successsfully read all note......
2020-06-12T01:43:31+0530 <info> notes.js:66 () congrats You Are Successsfully read all note......
2020-06-12T01:43:50+0530 <info> notes.js:66 () congrats You Are Successsfully read all note......
2020-06-12T01:43:50+0530 <info> notes.js:66 () congrats You Are Successsfully read all note......
2020-06-12T02:04:11+0530 <info> notes.js:66 () congrats You Are Successsfully read all note......
2020-06-12T02:04:11+0530 <info> notes.js:66 () congrats You Are Successsfully read all note......
2020-06-12T02:04:16+0530 <info> notes.js:66 () congrats You Are Successsfully read all note......
2020-06-12T02:04:16+0530 <info> notes.js:66 () congrats You Are Successsfully read all note......
